Log file open, 12/22/20 18:06:49
LogInit: Display: Running engine for game: SeniorDesign
LogPlatformFile: Not using cached read wrapper
LogTaskGraph: Started task graph with 5 named threads and 23 total threads with 3 sets of task threads.
LogStats: Stats thread started at 0.444519
LogD3D11RHI: Loaded GFSDK_Aftermath_Lib.x64.dll
LogICUInternationalization: ICU TimeZone Detection - Raw Offset: +8:00, Platform Override: ''
LogPluginManager: Mounting plugin Paper2D
LogPluginManager: Mounting plugin AISupport
LogPluginManager: Mounting plugin LightPropagationVolume
LogPluginManager: Mounting plugin CameraShakePreviewer
LogPluginManager: Mounting plugin ActorLayerUtilities
LogPluginManager: Mounting plugin AnimationSharing
LogPluginManager: Mounting plugin CLionSourceCodeAccess
LogPluginManager: Mounting plugin CodeLiteSourceCodeAccess
LogPluginManager: Mounting plugin GitSourceControl
LogPluginManager: Mounting plugin KDevelopSourceCodeAccess
LogPluginManager: Mounting plugin NullSourceCodeAccess
LogPluginManager: Mounting plugin PerforceSourceControl
LogPluginManager: Mounting plugin PlasticSourceControl
LogPluginManager: Mounting plugin RiderSourceCodeAccess
LogPluginManager: Mounting plugin SubversionSourceControl
LogPluginManager: Mounting plugin UObjectPlugin
LogPluginManager: Mounting plugin VisualStudioCodeSourceCodeAccess
LogPluginManager: Mounting plugin VisualStudioSourceCodeAccess
LogPluginManager: Mounting plugin XCodeSourceCodeAccess
LogPluginManager: Mounting plugin AssetManagerEditor
LogPluginManager: Mounting plugin CryptoKeys
LogPluginManager: Mounting plugin CurveEditorTools
LogPluginManager: Mounting plugin DataValidation
LogPluginManager: Mounting plugin EditorScriptingUtilities
LogPluginManager: Mounting plugin FacialAnimation
LogPluginManager: Mounting plugin GameplayTagsEditor
LogPluginManager: Mounting plugin GeometryMode
LogPluginManager: Mounting plugin MacGraphicsSwitching
LogPluginManager: Mounting plugin MaterialAnalyzer
LogPluginManager: Mounting plugin MobileLauncherProfileWizard
LogPluginManager: Mounting plugin PluginBrowser
LogPluginManager: Mounting plugin SpeedTreeImporter
LogPluginManager: Mounting plugin DatasmithContent
LogPluginManager: Mounting plugin VariantManagerContent
LogPluginManager: Mounting plugin AlembicImporter
LogPluginManager: Mounting plugin AutomationUtils
LogPluginManager: Mounting plugin BackChannel
LogPluginManager: Mounting plugin ChaosCloth
LogPluginManager: Mounting plugin ChaosClothEditor
LogPluginManager: Mounting plugin ChaosEditor
LogPluginManager: Mounting plugin ChaosNiagara
LogPluginManager: Mounting plugin ChaosSolverPlugin
LogPluginManager: Mounting plugin CharacterAI
LogPluginManager: Mounting plugin GeometryCache
LogPluginManager: Mounting plugin GeometryCollectionPlugin
LogPluginManager: Mounting plugin GeometryProcessing
LogPluginManager: Mounting plugin PlanarCut
LogPluginManager: Mounting plugin PlatformCrypto
LogPluginManager: Mounting plugin ProxyLODPlugin
LogPluginManager: Mounting plugin SkeletalReduction
LogPluginManager: Mounting plugin Niagara
LogPluginManager: Mounting plugin MagicLeap
LogPluginManager: Mounting plugin MagicLeapLightEstimation
LogPluginManager: Mounting plugin MagicLeapMedia
LogPluginManager: Mounting plugin MagicLeapPassableWorld
LogPluginManager: Mounting plugin MLSDK
LogPluginManager: Mounting plugin AndroidMedia
LogPluginManager: Mounting plugin AvfMedia
LogPluginManager: Mounting plugin ImgMedia
LogPluginManager: Mounting plugin MediaCompositing
LogPluginManager: Mounting plugin MediaPlayerEditor
LogPluginManager: Mounting plugin WebMMedia
LogPluginManager: Mounting plugin WmfMedia
LogPluginManager: Mounting plugin MeshPainting
LogPluginManager: Mounting plugin TcpMessaging
LogPluginManager: Mounting plugin UdpMessaging
LogPluginManager: Mounting plugin ActorSequence
LogPluginManager: Mounting plugin LevelSequenceEditor
LogPluginManager: Mounting plugin MatineeToLevelSequence
LogPluginManager: Mounting plugin MovieRenderPipeline
LogPluginManager: Mounting plugin TemplateSequence
LogPluginManager: Mounting plugin NetcodeUnitTest
LogPluginManager: Mounting plugin NUTUnrealEngine4
LogPluginManager: Mounting plugin OnlineSubsystemGooglePlay
LogPluginManager: Mounting plugin OnlineSubsystemIOS
LogPluginManager: Mounting plugin OnlineSubsystem
LogPluginManager: Mounting plugin OnlineSubsystemNull
LogPluginManager: Mounting plugin OnlineSubsystemUtils
LogPluginManager: Mounting plugin LauncherChunkInstaller
LogPluginManager: Mounting plugin AndroidDeviceProfileSelector
LogPluginManager: Mounting plugin AndroidMoviePlayer
LogPluginManager: Mounting plugin AndroidPermission
LogPluginManager: Mounting plugin AppleImageUtils
LogPluginManager: Mounting plugin AppleMoviePlayer
LogPluginManager: Mounting plugin ArchVisCharacter
LogPluginManager: Mounting plugin AssetTags
LogPluginManager: Mounting plugin AudioCapture
LogPluginManager: Mounting plugin CableComponent
LogPluginManager: Mounting plugin CustomMeshComponent
LogPluginManager: Mounting plugin EditableMesh
LogPluginManager: Mounting plugin ExampleDeviceProfileSelector
LogPluginManager: Mounting plugin GoogleCloudMessaging
LogPluginManager: Mounting plugin GooglePAD
LogPluginManager: Mounting plugin IOSDeviceProfileSelector
LogPluginManager: Mounting plugin LinuxDeviceProfileSelector
LogPluginManager: Mounting plugin LocationServicesBPLibrary
LogPluginManager: Mounting plugin MobilePatchingUtils
LogPluginManager: Mounting plugin OculusVR
LogPluginManager: Mounting plugin PhysXVehicles
LogPluginManager: Mounting plugin PostSplashScreen
LogPluginManager: Mounting plugin ProceduralMeshComponent
LogPluginManager: Mounting plugin RuntimePhysXCooking
LogPluginManager: Mounting plugin SignificanceManager
LogPluginManager: Mounting plugin SoundFields
LogPluginManager: Mounting plugin SteamVR
LogPluginManager: Mounting plugin Synthesis
LogPluginManager: Mounting plugin WebMMoviePlayer
LogPluginManager: Mounting plugin WindowsMoviePlayer
LogPluginManager: Mounting plugin ScreenshotTools
LogPluginManager: Mounting plugin PlantDesigner
LogInit: Using libcurl 7.55.1-DEV
LogInit:  - built for x86_64-pc-win32
LogInit:  - supports SSL with OpenSSL/1.1.1
LogInit:  - supports HTTP deflate (compression) using libz 1.2.8
LogInit:  - other features:
LogInit:      CURL_VERSION_SSL
LogInit:      CURL_VERSION_LIBZ
LogInit:      CURL_VERSION_IPV6
LogInit:      CURL_VERSION_ASYNCHDNS
LogInit:      CURL_VERSION_LARGEFILE
LogInit:      CURL_VERSION_IDN
LogInit:  CurlRequestOptions (configurable via config and command line):
LogInit:  - bVerifyPeer = true  - Libcurl will verify peer certificate
LogInit:  - bUseHttpProxy = true  - Libcurl will use HTTP proxy
LogInit:  - HttpProxyAddress = '127.0.0.1:7890'
LogInit:  - bDontReuseConnections = false  - Libcurl will reuse connections
LogInit:  - MaxHostConnections = 16  - Libcurl will limit the number of connections to a host
LogInit:  - LocalHostAddr = Default
LogInit:  - BufferSize = 65536
LogOnline: OSS: Creating online subsystem instance for: NULL
LogInit: WinSock: version 1.1 (2.2), MaxSocks=32767, MaxUdp=65467
LogOnline: OSS: TryLoadSubsystemAndSetDefault: Loaded subsystem for module [NULL]
LogOculusPluginWrapper: OculusPlugin initialized successfully
LogHMD: Failed initializing OVRPlugin 1.44.0
LogInit: Build: ++UE4+Release-4.25-CL-13942748
LogInit: Engine Version: 4.25.3-13942748+++UE4+Release-4.25
LogInit: Compatible Engine Version: 4.25.0-13144385+++UE4+Release-4.25
LogInit: Net CL: 13144385
LogInit: OS: Windows 10 (Release 2009) (), CPU: Intel(R) Core(TM) i7-7700HQ CPU @ 2.80GHz, GPU: NVIDIA GeForce GTX 1060
LogInit: Compiled (64-bit): Jul 25 2020 02:07:48
LogInit: Compiled with Visual C++: 19.24.28315.00
LogInit: Build Configuration: Development
LogInit: Branch Name: ++UE4+Release-4.25
LogInit: Command Line:  -skipcompile
LogInit: Base Directory: C:/Program Files/Epic Games/UE_4.25/Engine/Binaries/Win64/
LogInit: Allocator: TBB
LogInit: Installed Engine Build: 1
LogDevObjectVersion: Number of dev versions registered: 26
LogDevObjectVersion:   Dev-Blueprints (B0D832E4-1F89-4F0D-ACCF-7EB736FD4AA2): 10
LogDevObjectVersion:   Dev-Build (E1C64328-A22C-4D53-A36C-8E866417BD8C): 0
LogDevObjectVersion:   Dev-Core (375EC13C-06E4-48FB-B500-84F0262A717E): 4
LogDevObjectVersion:   Dev-Editor (E4B068ED-F494-42E9-A231-DA0B2E46BB41): 38
LogDevObjectVersion:   Dev-Framework (CFFC743F-43B0-4480-9391-14DF171D2073): 37
LogDevObjectVersion:   Dev-Mobile (B02B49B5-BB20-44E9-A304-32B752E40360): 2
LogDevObjectVersion:   Dev-Networking (A4E4105C-59A1-49B5-A7C5-40C4547EDFEE): 0
LogDevObjectVersion:   Dev-Online (39C831C9-5AE6-47DC-9A44-9C173E1C8E7C): 0
LogDevObjectVersion:   Dev-Physics (78F01B33-EBEA-4F98-B9B4-84EACCB95AA2): 4
LogDevObjectVersion:   Dev-Platform (6631380F-2D4D-43E0-8009-CF276956A95A): 0
LogDevObjectVersion:   Dev-Rendering (12F88B9F-8875-4AFC-A67C-D90C383ABD29): 43
LogDevObjectVersion:   Dev-Sequencer (7B5AE74C-D270-4C10-A958-57980B212A5A): 12
LogDevObjectVersion:   Dev-VR (D7296918-1DD6-4BDD-9DE2-64A83CC13884): 3
LogDevObjectVersion:   Dev-LoadTimes (C2A15278-BFE7-4AFE-6C17-90FF531DF755): 1
LogDevObjectVersion:   Private-Geometry (6EACA3D4-40EC-4CC1-B786-8BED09428FC5): 3
LogDevObjectVersion:   Dev-AnimPhys (29E575DD-E0A3-4627-9D10-D276232CDCEA): 17
LogDevObjectVersion:   Dev-Anim (AF43A65D-7FD3-4947-9873-3E8ED9C1BB05): 7
LogDevObjectVersion:   Dev-ReflectionCapture (6B266CEC-1EC7-4B8F-A30B-E4D90942FC07): 1
LogDevObjectVersion:   Dev-Automation (0DF73D61-A23F-47EA-B727-89E90C41499A): 1
LogDevObjectVersion:   FortniteMain (601D1886-AC64-4F84-AA16-D3DE0DEAC7D6): 31
LogDevObjectVersion:   Dev-Enterprise (9DFFBCD6-494F-0158-E221-12823C92A888): 10
LogDevObjectVersion:   Dev-Niagara (F2AED0AC-9AFE-416F-8664-AA7FFA26D6FC): 1
LogDevObjectVersion:   Dev-Destruction (174F1F0B-B4C6-45A5-B13F-2EE8D0FB917D): 10
LogDevObjectVersion:   Dev-Physics-Ext (35F94A83-E258-406C-A318-09F59610247C): 37
LogDevObjectVersion:   Dev-PhysicsMaterial-Chaos (B68FC16E-8B1B-42E2-B453-215C058844FE): 1
LogDevObjectVersion:   Dev-CineCamera (B2E18506-4273-CFC2-A54E-F4BB758BBA07): 1
LogInit: Presizing for max 25165824 objects, including 0 objects not considered by GC, pre-allocating 0 bytes for permanent pool.
LogConfig: Applying CVar settings from Section [/Script/Engine.StreamingSettings] File [C:/Users/yeffi/Documents/Unreal Projects/SeniorDesign/Saved/Config/Windows/Engine.ini]
LogConfig: Setting CVar [[s.MinBulkDataSizeForAsyncLoading:131072]]
LogConfig: Setting CVar [[s.AsyncLoadingThreadEnabled:0]]
LogConfig: Setting CVar [[s.EventDrivenLoaderEnabled:1]]
LogConfig: Setting CVar [[s.WarnIfTimeLimitExceeded:0]]
LogConfig: Setting CVar [[s.TimeLimitExceededMultiplier:1.5]]
LogConfig: Setting CVar [[s.TimeLimitExceededMinTime:0.005]]
LogConfig: Setting CVar [[s.UseBackgroundLevelStreaming:1]]
LogConfig: Setting CVar [[s.PriorityAsyncLoadingExtraTime:15.0]]
LogConfig: Setting CVar [[s.LevelStreamingActorsUpdateTimeLimit:5.0]]
LogConfig: Setting CVar [[s.PriorityLevelStreamingActorsUpdateExtraTime:5.0]]
LogConfig: Setting CVar [[s.LevelStreamingComponentsRegistrationGranularity:10]]
LogConfig: Setting CVar [[s.UnregisterComponentsTimeLimit:1.0]]
LogConfig: Setting CVar [[s.LevelStreamingComponentsUnregistrationGranularity:5]]
LogConfig: Setting CVar [[s.FlushStreamingOnExit:1]]
LogInit: Object subsystem initialized
LogConfig: Setting CVar [[con.DebugEarlyDefault:1]]
LogConfig: Setting CVar [[r.setres:1280x720]]
[2020.12.22-10.06.51:284][  0]LogConfig: Setting CVar [[r.VSync:0]]
[2020.12.22-10.06.51:284][  0]LogConfig: Setting CVar [[r.RHICmdBypass:0]]
[2020.12.22-10.06.51:284][  0]LogConfig: Applying CVar settings from Section [/Script/Engine.RendererSettings] File [C:/Users/yeffi/Documents/Unreal Projects/SeniorDesign/Saved/Config/Windows/Engine.ini]
[2020.12.22-10.06.51:284][  0]LogConfig: Setting CVar [[r.GPUCrashDebugging:0]]
[2020.12.22-10.06.51:284][  0]LogConfig: Applying CVar settings from Section [/Script/Engine.RendererOverrideSettings] File [C:/Users/yeffi/Documents/Unreal Projects/SeniorDesign/Saved/Config/Windows/Engine.ini]
[2020.12.22-10.06.51:284][  0]LogConfig: Applying CVar settings from Section [/Script/Engine.StreamingSettings] File [C:/Users/yeffi/Documents/Unreal Projects/SeniorDesign/Saved/Config/Windows/Engine.ini]
[2020.12.22-10.06.51:284][  0]LogConfig: Setting CVar [[s.MinBulkDataSizeForAsyncLoading:131072]]
[2020.12.22-10.06.51:284][  0]LogConfig: Setting CVar [[s.AsyncLoadingThreadEnabled:0]]
[2020.12.22-10.06.51:285][  0]LogConfig: Setting CVar [[s.EventDrivenLoaderEnabled:1]]
[2020.12.22-10.06.51:285][  0]LogConfig: Setting CVar [[s.WarnIfTimeLimitExceeded:0]]
[2020.12.22-10.06.51:285][  0]LogConfig: Setting CVar [[s.TimeLimitExceededMultiplier:1.5]]
[2020.12.22-10.06.51:285][  0]LogConfig: Setting CVar [[s.TimeLimitExceededMinTime:0.005]]
[2020.12.22-10.06.51:285][  0]LogConfig: Setting CVar [[s.UseBackgroundLevelStreaming:1]]
[2020.12.22-10.06.51:285][  0]LogConfig: Setting CVar [[s.PriorityAsyncLoadingExtraTime:15.0]]
[2020.12.22-10.06.51:285][  0]LogConfig: Setting CVar [[s.LevelStreamingActorsUpdateTimeLimit:5.0]]
[2020.12.22-10.06.51:285][  0]LogConfig: Setting CVar [[s.PriorityLevelStreamingActorsUpdateExtraTime:5.0]]
[2020.12.22-10.06.51:285][  0]LogConfig: Setting CVar [[s.LevelStreamingComponentsRegistrationGranularity:10]]
[2020.12.22-10.06.51:285][  0]LogConfig: Setting CVar [[s.UnregisterComponentsTimeLimit:1.0]]
[2020.12.22-10.06.51:285][  0]LogConfig: Setting CVar [[s.LevelStreamingComponentsUnregistrationGranularity:5]]
[2020.12.22-10.06.51:285][  0]LogConfig: Setting CVar [[s.FlushStreamingOnExit:1]]
[2020.12.22-10.06.51:285][  0]LogConfig: Applying CVar settings from Section [/Script/Engine.GarbageCollectionSettings] File [C:/Users/yeffi/Documents/Unreal Projects/SeniorDesign/Saved/Config/Windows/Engine.ini]
[2020.12.22-10.06.51:285][  0]LogConfig: Setting CVar [[gc.MaxObjectsNotConsideredByGC:1]]
[2020.12.22-10.06.51:285][  0]LogConfig: Setting CVar [[gc.SizeOfPermanentObjectPool:0]]
[2020.12.22-10.06.51:285][  0]LogConfig: Setting CVar [[gc.FlushStreamingOnGC:0]]
[2020.12.22-10.06.51:286][  0]LogConfig: Setting CVar [[gc.NumRetriesBeforeForcingGC:10]]
[2020.12.22-10.06.51:286][  0]LogConfig: Setting CVar [[gc.AllowParallelGC:1]]
[2020.12.22-10.06.51:286][  0]LogConfig: Setting CVar [[gc.TimeBetweenPurgingPendingKillObjects:61.1]]
[2020.12.22-10.06.51:286][  0]LogConfig: Setting CVar [[gc.MaxObjectsInEditor:25165824]]
[2020.12.22-10.06.51:286][  0]LogConfig: Setting CVar [[gc.IncrementalBeginDestroyEnabled:1]]
[2020.12.22-10.06.51:286][  0]LogConfig: Setting CVar [[gc.CreateGCClusters:1]]
[2020.12.22-10.06.51:286][  0]LogConfig: Setting CVar [[gc.MinGCClusterSize:5]]
[2020.12.22-10.06.51:286][  0]LogConfig: Setting CVar [[gc.ActorClusteringEnabled:0]]
[2020.12.22-10.06.51:286][  0]LogConfig: Setting CVar [[gc.BlueprintClusteringEnabled:0]]
[2020.12.22-10.06.51:286][  0]LogConfig: Setting CVar [[gc.UseDisregardForGCOnDedicatedServers:0]]
[2020.12.22-10.06.51:286][  0]LogConfig: Applying CVar settings from Section [/Script/Engine.NetworkSettings] File [C:/Users/yeffi/Documents/Unreal Projects/SeniorDesign/Saved/Config/Windows/Engine.ini]
[2020.12.22-10.06.51:286][  0]LogConfig: Applying CVar settings from Section [/Script/UnrealEd.CookerSettings] File [C:/Users/yeffi/Documents/Unreal Projects/SeniorDesign/Saved/Config/Windows/Engine.ini]
[2020.12.22-10.06.51:306][  0]LogConfig: Applying CVar settings from Section [ViewDistanceQuality@3] File [C:/Users/yeffi/Documents/Unreal Projects/SeniorDesign/Saved/Config/Windows/Scalability.ini]
[2020.12.22-10.06.51:306][  0]LogConfig: Setting CVar [[r.SkeletalMeshLODBias:0]]
[2020.12.22-10.06.51:306][  0]LogConfig: Setting CVar [[r.ViewDistanceScale:1.0]]
[2020.12.22-10.06.51:306][  0]LogConfig: Applying CVar settings from Section [AntiAliasingQuality@3] File [C:/Users/yeffi/Documents/Unreal Projects/SeniorDesign/Saved/Config/Windows/Scalability.ini]
[2020.12.22-10.06.51:306][  0]LogConfig: Setting CVar [[r.PostProcessAAQuality:4]]
[2020.12.22-10.06.51:306][  0]LogConfig: Applying CVar settings from Section [ShadowQuality@3] File [C:/Users/yeffi/Documents/Unreal Projects/SeniorDesign/Saved/Config/Windows/Scalability.ini]
[2020.12.22-10.06.51:306][  0]LogConfig: Setting CVar [[r.LightFunctionQuality:1]]
[2020.12.22-10.06.51:307][  0]LogConfig: Setting CVar [[r.ShadowQuality:5]]
[2020.12.22-10.06.51:307][  0]LogConfig: Setting CVar [[r.Shadow.CSM.MaxCascades:10]]
[2020.12.22-10.06.51:307][  0]LogConfig: Setting CVar [[r.Shadow.MaxResolution:2048]]
[2020.12.22-10.06.51:307][  0]LogConfig: Setting CVar [[r.Shadow.MaxCSMResolution:2048]]
[2020.12.22-10.06.51:307][  0]LogConfig: Setting CVar [[r.Shadow.RadiusThreshold:0.01]]
[2020.12.22-10.06.51:307][  0]LogConfig: Setting CVar [[r.Shadow.DistanceScale:1.0]]
[2020.12.22-10.06.51:307][  0]LogConfig: Setting CVar [[r.Shadow.CSM.TransitionScale:1.0]]
[2020.12.22-10.06.51:307][  0]LogConfig: Setting CVar [[r.Shadow.PreShadowResolutionFactor:1.0]]
[2020.12.22-10.06.51:307][  0]LogConfig: Setting CVar [[r.DistanceFieldShadowing:1]]
[2020.12.22-10.06.51:307][  0]LogConfig: Setting CVar [[r.DistanceFieldAO:1]]
[2020.12.22-10.06.51:307][  0]LogConfig: Setting CVar [[r.AOQuality:2]]
[2020.12.22-10.06.51:308][  0]LogConfig: Setting CVar [[r.VolumetricFog:1]]
[2020.12.22-10.06.51:308][  0]LogConfig: Setting CVar [[r.VolumetricFog.GridPixelSize:8]]
[2020.12.22-10.06.51:308][  0]LogConfig: Setting CVar [[r.VolumetricFog.GridSizeZ:128]]
[2020.12.22-10.06.51:308][  0]LogConfig: Setting CVar [[r.VolumetricFog.HistoryMissSupersampleCount:4]]
[2020.12.22-10.06.51:308][  0]LogConfig: Setting CVar [[r.LightMaxDrawDistanceScale:1]]
[2020.12.22-10.06.51:308][  0]LogConfig: Setting CVar [[r.CapsuleShadows:1]]
[2020.12.22-10.06.51:309][  0]LogConfig: Applying CVar settings from Section [PostProcessQuality@3] File [C:/Users/yeffi/Documents/Unreal Projects/SeniorDesign/Saved/Config/Windows/Scalability.ini]
[2020.12.22-10.06.51:309][  0]LogConfig: Setting CVar [[r.MotionBlurQuality:4]]
[2020.12.22-10.06.51:309][  0]LogConfig: Setting CVar [[r.AmbientOcclusionMipLevelFactor:0.4]]
[2020.12.22-10.06.51:309][  0]LogConfig: Setting CVar [[r.AmbientOcclusionMaxQuality:100]]
[2020.12.22-10.06.51:309][  0]LogConfig: Setting CVar [[r.AmbientOcclusionLevels:-1]]
[2020.12.22-10.06.51:309][  0]LogConfig: Setting CVar [[r.AmbientOcclusionRadiusScale:1.0]]
[2020.12.22-10.06.51:309][  0]LogConfig: Setting CVar [[r.DepthOfFieldQuality:2]]
[2020.12.22-10.06.51:309][  0]LogConfig: Setting CVar [[r.RenderTargetPoolMin:400]]
[2020.12.22-10.06.51:309][  0]LogConfig: Setting CVar [[r.LensFlareQuality:2]]
[2020.12.22-10.06.51:310][  0]LogConfig: Setting CVar [[r.SceneColorFringeQuality:1]]
[2020.12.22-10.06.51:310][  0]LogConfig: Setting CVar [[r.EyeAdaptationQuality:2]]
[2020.12.22-10.06.51:310][  0]LogConfig: Setting CVar [[r.BloomQuality:5]]
[2020.12.22-10.06.51:310][  0]LogConfig: Setting CVar [[r.FastBlurThreshold:100]]
[2020.12.22-10.06.51:310][  0]LogConfig: Setting CVar [[r.Upscale.Quality:3]]
[2020.12.22-10.06.51:310][  0]LogConfig: Setting CVar [[r.Tonemapper.GrainQuantization:1]]
[2020.12.22-10.06.51:310][  0]LogConfig: Setting CVar [[r.LightShaftQuality:1]]
[2020.12.22-10.06.51:311][  0]LogConfig: Setting CVar [[r.Filter.SizeScale:1]]
[2020.12.22-10.06.51:311][  0]LogConfig: Setting CVar [[r.Tonemapper.Quality:5]]
[2020.12.22-10.06.51:311][  0]LogConfig: Setting CVar [[r.DOF.Gather.AccumulatorQuality:1        ; higher gathering accumulator quality]]
[2020.12.22-10.06.51:311][  0]LogConfig: Setting CVar [[r.DOF.Gather.PostfilterMethod:1          ; Median3x3 postfilering method]]
[2020.12.22-10.06.51:311][  0]LogConfig: Setting CVar [[r.DOF.Gather.EnableBokehSettings:0       ; no bokeh simulation when gathering]]
[2020.12.22-10.06.51:311][  0]LogConfig: Setting CVar [[r.DOF.Gather.RingCount:4                 ; medium number of samples when gathering]]
[2020.12.22-10.06.51:311][  0]LogConfig: Setting CVar [[r.DOF.Scatter.ForegroundCompositing:1    ; additive foreground scattering]]
[2020.12.22-10.06.51:311][  0]LogConfig: Setting CVar [[r.DOF.Scatter.BackgroundCompositing:2    ; additive background scattering]]
[2020.12.22-10.06.51:312][  0]LogConfig: Setting CVar [[r.DOF.Scatter.EnableBokehSettings:1      ; bokeh simulation when scattering]]
[2020.12.22-10.06.51:312][  0]LogConfig: Setting CVar [[r.DOF.Scatter.MaxSpriteRatio:0.1         ; only a maximum of 10% of scattered bokeh]]
[2020.12.22-10.06.51:312][  0]LogConfig: Setting CVar [[r.DOF.Recombine.Quality:1                ; cheap slight out of focus]]
[2020.12.22-10.06.51:312][  0]LogConfig: Setting CVar [[r.DOF.Recombine.EnableBokehSettings:0    ; no bokeh simulation on slight out of focus]]
[2020.12.22-10.06.51:312][  0]LogConfig: Setting CVar [[r.DOF.TemporalAAQuality:1                ; more stable temporal accumulation]]
[2020.12.22-10.06.51:312][  0]LogConfig: Setting CVar [[r.DOF.Kernel.MaxForegroundRadius:0.025]]
[2020.12.22-10.06.51:312][  0]LogConfig: Setting CVar [[r.DOF.Kernel.MaxBackgroundRadius:0.025]]
[2020.12.22-10.06.51:312][  0]LogConfig: Applying CVar settings from Section [TextureQuality@3] File [C:/Users/yeffi/Documents/Unreal Projects/SeniorDesign/Saved/Config/Windows/Scalability.ini]
[2020.12.22-10.06.51:312][  0]LogConfig: Setting CVar [[r.Streaming.MipBias:0]]
[2020.12.22-10.06.51:312][  0]LogConfig: Setting CVar [[r.Streaming.AmortizeCPUToGPUCopy:0]]
[2020.12.22-10.06.51:313][  0]LogConfig: Setting CVar [[r.Streaming.MaxNumTexturesToStreamPerFrame:0]]
[2020.12.22-10.06.51:313][  0]LogConfig: Setting CVar [[r.Streaming.Boost:1]]
[2020.12.22-10.06.51:313][  0]LogConfig: Setting CVar [[r.MaxAnisotropy:8]]
[2020.12.22-10.06.51:313][  0]LogConfig: Setting CVar [[r.VT.MaxAnisotropy:8]]
[2020.12.22-10.06.51:313][  0]LogConfig: Setting CVar [[r.Streaming.LimitPoolSizeToVRAM:0]]
[2020.12.22-10.06.51:313][  0]LogConfig: Setting CVar [[r.Streaming.PoolSize:1000]]
[2020.12.22-10.06.51:313][  0]LogConfig: Setting CVar [[r.Streaming.MaxEffectiveScreenSize:0]]
[2020.12.22-10.06.51:313][  0]LogConfig: Applying CVar settings from Section [EffectsQuality@3] File [C:/Users/yeffi/Documents/Unreal Projects/SeniorDesign/Saved/Config/Windows/Scalability.ini]
[2020.12.22-10.06.51:313][  0]LogConfig: Setting CVar [[r.TranslucencyLightingVolumeDim:64]]
[2020.12.22-10.06.51:313][  0]LogConfig: Setting CVar [[r.RefractionQuality:2]]
[2020.12.22-10.06.51:313][  0]LogConfig: Setting CVar [[r.SSR.Quality:3]]
[2020.12.22-10.06.51:314][  0]LogConfig: Setting CVar [[r.SSR.HalfResSceneColor:0]]
[2020.12.22-10.06.51:314][  0]LogConfig: Setting CVar [[r.SceneColorFormat:4]]
[2020.12.22-10.06.51:314][  0]LogConfig: Setting CVar [[r.DetailMode:2]]
[2020.12.22-10.06.51:314][  0]LogConfig: Setting CVar [[r.TranslucencyVolumeBlur:1]]
[2020.12.22-10.06.51:314][  0]LogConfig: Setting CVar [[r.MaterialQualityLevel:1 ; High quality]]
[2020.12.22-10.06.51:314][  0]LogConfig: Setting CVar [[r.SSS.Scale:1]]
[2020.12.22-10.06.51:314][  0]LogConfig: Setting CVar [[r.SSS.SampleSet:2]]
[2020.12.22-10.06.51:314][  0]LogConfig: Setting CVar [[r.SSS.Quality:1]]
[2020.12.22-10.06.51:314][  0]LogConfig: Setting CVar [[r.SSS.HalfRes:0]]
[2020.12.22-10.06.51:315][  0]LogConfig: Setting CVar [[r.SSGI.Quality:3]]
[2020.12.22-10.06.51:315][  0]LogConfig: Setting CVar [[r.EmitterSpawnRateScale:1.0]]
[2020.12.22-10.06.51:315][  0]LogConfig: Setting CVar [[r.ParticleLightQuality:2]]
[2020.12.22-10.06.51:315][  0]LogConfig: Setting CVar [[r.SkyAtmosphere.AerialPerspectiveLUT.FastApplyOnOpaque:1 ; Always have FastSkyLUT 1 in this case to avoid wrong sky]]
[2020.12.22-10.06.51:315][  0]LogConfig: Setting CVar [[r.SkyAtmosphere.AerialPerspectiveLUT.SampleCountPerSlice:1]]
[2020.12.22-10.06.51:315][  0]LogConfig: Setting CVar [[r.SkyAtmosphere.AerialPerspectiveLUT.DepthResolution:16.0]]
[2020.12.22-10.06.51:315][  0]LogConfig: Setting CVar [[r.SkyAtmosphere.FastSkyLUT:1]]
[2020.12.22-10.06.51:315][  0]LogConfig: Setting CVar [[r.SkyAtmosphere.FastSkyLUT.SampleCountMin:4.0]]
[2020.12.22-10.06.51:316][  0]LogConfig: Setting CVar [[r.SkyAtmosphere.FastSkyLUT.SampleCountMax:32.0]]
[2020.12.22-10.06.51:316][  0]LogConfig: Setting CVar [[r.SkyAtmosphere.SampleCountMin:4.0]]
[2020.12.22-10.06.51:316][  0]LogConfig: Setting CVar [[r.SkyAtmosphere.SampleCountMax:32.0]]
[2020.12.22-10.06.51:316][  0]LogConfig: Setting CVar [[r.SkyAtmosphere.TransmittanceLUT.UseSmallFormat:0]]
[2020.12.22-10.06.51:316][  0]LogConfig: Setting CVar [[r.SkyAtmosphere.TransmittanceLUT.SampleCount:10.0]]
[2020.12.22-10.06.51:316][  0]LogConfig: Setting CVar [[r.SkyAtmosphere.MultiScatteringLUT.SampleCount:15.0]]
[2020.12.22-10.06.51:316][  0]LogConfig: Applying CVar settings from Section [FoliageQuality@3] File [C:/Users/yeffi/Documents/Unreal Projects/SeniorDesign/Saved/Config/Windows/Scalability.ini]
[2020.12.22-10.06.51:316][  0]LogConfig: Setting CVar [[foliage.DensityScale:1.0]]
[2020.12.22-10.06.51:316][  0]LogConfig: Setting CVar [[grass.DensityScale:1.0]]
[2020.12.22-10.06.51:317][  0]LogConfig: Applying CVar settings from Section [ShadingQuality@3] File [C:/Users/yeffi/Documents/Unreal Projects/SeniorDesign/Saved/Config/Windows/Scalability.ini]
[2020.12.22-10.06.51:317][  0]LogConfig: Setting CVar [[r.HairStrands.SkyLighting.SampleCount:16]]
[2020.12.22-10.06.51:317][  0]LogConfig: Setting CVar [[r.HairStrands.SkyLighting.JitterIntegration:0]]
[2020.12.22-10.06.51:317][  0]LogConfig: Setting CVar [[r.HairStrands.SkyAO.SampleCount:16]]
[2020.12.22-10.06.51:317][  0]LogConfig: Setting CVar [[r.HairStrands.DeepShadow.SuperSampling:0]]
[2020.12.22-10.06.51:317][  0]LogConfig: Setting CVar [[r.HairStrands.VisibilityPPLL:0]]
[2020.12.22-10.06.51:317][  0]LogConfig: Setting CVar [[r.HairStrands.RasterizationScale:0.5]]
[2020.12.22-10.06.51:317][  0]LogConfig: Setting CVar [[r.HairStrands.VelocityRasterizationScale:1]]
[2020.12.22-10.06.51:317][  0]LogInit: Selected Device Profile: [Windows]
[2020.12.22-10.06.51:317][  0]LogInit: Applying CVar settings loaded from the selected device profile: [Windows]
[2020.12.22-10.06.51:318][  0]LogHAL: Display: Platform has ~ 16 GB [17065697280 / 17179869184 / 16], which maps to Larger [LargestMinGB=32, LargerMinGB=12, DefaultMinGB=8, SmallerMinGB=6, SmallestMinGB=0)
[2020.12.22-10.06.51:318][  0]LogInit: Going up to parent DeviceProfile []
[2020.12.22-10.06.51:318][  0]LogConfig: Applying CVar settings from Section [ViewDistanceQuality@3] File [C:/Users/yeffi/Documents/Unreal Projects/SeniorDesign/Saved/Config/Windows/Scalability.ini]
[2020.12.22-10.06.51:318][  0]LogConfig: Setting CVar [[r.SkeletalMeshLODBias:0]]
[2020.12.22-10.06.51:318][  0]LogConfig: Setting CVar [[r.ViewDistanceScale:1.0]]
[2020.12.22-10.06.51:318][  0]LogConfig: Applying CVar settings from Section [AntiAliasingQuality@3] File [C:/Users/yeffi/Documents/Unreal Projects/SeniorDesign/Saved/Config/Windows/Scalability.ini]
[2020.12.22-10.06.51:318][  0]LogConfig: Setting CVar [[r.PostProcessAAQuality:4]]
[2020.12.22-10.06.51:318][  0]LogConfig: Applying CVar settings from Section [ShadowQuality@3] File [C:/Users/yeffi/Documents/Unreal Projects/SeniorDesign/Saved/Config/Windows/Scalability.ini]
[2020.12.22-10.06.51:318][  0]LogConfig: Setting CVar [[r.LightFunctionQuality:1]]
[2020.12.22-10.06.51:318][  0]LogConfig: Setting CVar [[r.ShadowQuality:5]]
[2020.12.22-10.06.51:318][  0]LogConfig: Setting CVar [[r.Shadow.CSM.MaxCascades:10]]
[2020.12.22-10.06.51:318][  0]LogConfig: Setting CVar [[r.Shadow.MaxResolution:2048]]
[2020.12.22-10.06.51:319][  0]LogConfig: Setting CVar [[r.Shadow.MaxCSMResolution:2048]]
[2020.12.22-10.06.51:319][  0]LogConfig: Setting CVar [[r.Shadow.RadiusThreshold:0.01]]
[2020.12.22-10.06.51:319][  0]LogConfig: Setting CVar [[r.Shadow.DistanceScale:1.0]]
[2020.12.22-10.06.51:319][  0]LogConfig: Setting CVar [[r.Shadow.CSM.TransitionScale:1.0]]
[2020.12.22-10.06.51:319][  0]LogConfig: Setting CVar [[r.Shadow.PreShadowResolutionFactor:1.0]]
[2020.12.22-10.06.51:319][  0]LogConfig: Setting CVar [[r.DistanceFieldShadowing:1]]
[2020.12.22-10.06.51:319][  0]LogConfig: Setting CVar [[r.DistanceFieldAO:1]]
[2020.12.22-10.06.51:319][  0]LogConfig: Setting CVar [[r.AOQuality:2]]
[2020.12.22-10.06.51:319][  0]LogConfig: Setting CVar [[r.VolumetricFog:1]]
[2020.12.22-10.06.51:319][  0]LogConfig: Setting CVar [[r.VolumetricFog.GridPixelSize:8]]
[2020.12.22-10.06.51:319][  0]LogConfig: Setting CVar [[r.VolumetricFog.GridSizeZ:128]]
[2020.12.22-10.06.51:319][  0]LogConfig: Setting CVar [[r.VolumetricFog.HistoryMissSupersampleCount:4]]
[2020.12.22-10.06.51:319][  0]LogConfig: Setting CVar [[r.LightMaxDrawDistanceScale:1]]
[2020.12.22-10.06.51:319][  0]LogConfig: Setting CVar [[r.CapsuleShadows:1]]
[2020.12.22-10.06.51:319][  0]LogConfig: Applying CVar settings from Section [PostProcessQuality@3] File [C:/Users/yeffi/Documents/Unreal Projects/SeniorDesign/Saved/Config/Windows/Scalability.ini]
[2020.12.22-10.06.51:319][  0]LogConfig: Setting CVar [[r.MotionBlurQuality:4]]
[2020.12.22-10.06.51:320][  0]LogConfig: Setting CVar [[r.AmbientOcclusionMipLevelFactor:0.4]]
[2020.12.22-10.06.51:320][  0]LogConfig: Setting CVar [[r.AmbientOcclusionMaxQuality:100]]
[2020.12.22-10.06.51:320][  0]LogConfig: Setting CVar [[r.AmbientOcclusionLevels:-1]]
[2020.12.22-10.06.51:320][  0]LogConfig: Setting CVar [[r.AmbientOcclusionRadiusScale:1.0]]
[2020.12.22-10.06.51:320][  0]LogConfig: Setting CVar [[r.DepthOfFieldQuality:2]]
[2020.12.22-10.06.51:320][  0]LogConfig: Setting CVar [[r.RenderTargetPoolMin:400]]
[2020.12.22-10.06.51:320][  0]LogConfig: Setting CVar [[r.LensFlareQuality:2]]
[2020.12.22-10.06.51:320][  0]LogConfig: Setting CVar [[r.SceneColorFringeQuality:1]]
[2020.12.22-10.06.51:320][  0]LogConfig: Setting CVar [[r.EyeAdaptationQuality:2]]
[2020.12.22-10.06.51:320][  0]LogConfig: Setting CVar [[r.BloomQuality:5]]
[2020.12.22-10.06.51:320][  0]LogConfig: Setting CVar [[r.FastBlurThreshold:100]]
[2020.12.22-10.06.51:321][  0]LogConfig: Setting CVar [[r.Upscale.Quality:3]]
[2020.12.22-10.06.51:321][  0]LogConfig: Setting CVar [[r.Tonemapper.GrainQuantization:1]]
[2020.12.22-10.06.51:321][  0]LogConfig: Setting CVar [[r.LightShaftQuality:1]]
[2020.12.22-10.06.51:321][  0]LogConfig: Setting CVar [[r.Filter.SizeScale:1]]
[2020.12.22-10.06.51:321][  0]LogConfig: Setting CVar [[r.Tonemapper.Quality:5]]
[2020.12.22-10.06.51:321][  0]LogConfig: Setting CVar [[r.DOF.Gather.AccumulatorQuality:1        ; higher gathering accumulator quality]]
[2020.12.22-10.06.51:321][  0]LogConfig: Setting CVar [[r.DOF.Gather.PostfilterMethod:1          ; Median3x3 postfilering method]]
[2020.12.22-10.06.51:321][  0]LogConfig: Setting CVar [[r.DOF.Gather.EnableBokehSettings:0       ; no bokeh simulation when gathering]]
[2020.12.22-10.06.51:321][  0]LogConfig: Setting CVar [[r.DOF.Gather.RingCount:4                 ; medium number of samples when gathering]]
[2020.12.22-10.06.51:321][  0]LogConfig: Setting CVar [[r.DOF.Scatter.ForegroundCompositing:1    ; additive foreground scattering]]
[2020.12.22-10.06.51:321][  0]LogConfig: Setting CVar [[r.DOF.Scatter.BackgroundCompositing:2    ; additive background scattering]]
[2020.12.22-10.06.51:321][  0]LogConfig: Setting CVar [[r.DOF.Scatter.EnableBokehSettings:1      ; bokeh simulation when scattering]]
[2020.12.22-10.06.51:321][  0]LogConfig: Setting CVar [[r.DOF.Scatter.MaxSpriteRatio:0.1         ; only a maximum of 10% of scattered bokeh]]
[2020.12.22-10.06.51:321][  0]LogConfig: Setting CVar [[r.DOF.Recombine.Quality:1                ; cheap slight out of focus]]
[2020.12.22-10.06.51:321][  0]LogConfig: Setting CVar [[r.DOF.Recombine.EnableBokehSettings:0    ; no bokeh simulation on slight out of focus]]
[2020.12.22-10.06.51:321][  0]LogConfig: Setting CVar [[r.DOF.TemporalAAQuality:1                ; more stable temporal accumulation]]
[2020.12.22-10.06.51:322][  0]LogConfig: Setting CVar [[r.DOF.Kernel.MaxForegroundRadius:0.025]]
[2020.12.22-10.06.51:322][  0]LogConfig: Setting CVar [[r.DOF.Kernel.MaxBackgroundRadius:0.025]]
[2020.12.22-10.06.51:322][  0]LogConfig: Applying CVar settings from Section [TextureQuality@3] File [C:/Users/yeffi/Documents/Unreal Projects/SeniorDesign/Saved/Config/Windows/Scalability.ini]
[2020.12.22-10.06.51:322][  0]LogConfig: Setting CVar [[r.Streaming.MipBias:0]]
[2020.12.22-10.06.51:322][  0]LogConfig: Setting CVar [[r.Streaming.AmortizeCPUToGPUCopy:0]]
[2020.12.22-10.06.51:322][  0]LogConfig: Setting CVar [[r.Streaming.MaxNumTexturesToStreamPerFrame:0]]
[2020.12.22-10.06.51:322][  0]LogConfig: Setting CVar [[r.Streaming.Boost:1]]
[2020.12.22-10.06.51:322][  0]LogConfig: Setting CVar [[r.MaxAnisotropy:8]]
[2020.12.22-10.06.51:322][  0]LogConfig: Setting CVar [[r.VT.MaxAnisotropy:8]]
[2020.12.22-10.06.51:322][  0]LogConfig: Setting CVar [[r.Streaming.LimitPoolSizeToVRAM:0]]
[2020.12.22-10.06.51:322][  0]LogConfig: Setting CVar [[r.Streaming.PoolSize:1000]]
[2020.12.22-10.06.51:322][  0]LogConfig: Setting CVar [[r.Streaming.MaxEffectiveScreenSize:0]]
[2020.12.22-10.06.51:322][  0]LogConfig: Applying CVar settings from Section [EffectsQuality@3] File [C:/Users/yeffi/Documents/Unreal Projects/SeniorDesign/Saved/Config/Windows/Scalability.ini]
[2020.12.22-10.06.51:322][  0]LogConfig: Setting CVar [[r.TranslucencyLightingVolumeDim:64]]
[2020.12.22-10.06.51:323][  0]LogConfig: Setting CVar [[r.RefractionQuality:2]]
[2020.12.22-10.06.51:323][  0]LogConfig: Setting CVar [[r.SSR.Quality:3]]
[2020.12.22-10.06.51:323][  0]LogConfig: Setting CVar [[r.SSR.HalfResSceneColor:0]]
[2020.12.22-10.06.51:323][  0]LogConfig: Setting CVar [[r.SceneColorFormat:4]]
[2020.12.22-10.06.51:323][  0]LogConfig: Setting CVar [[r.DetailMode:2]]
[2020.12.22-10.06.51:323][  0]LogConfig: Setting CVar [[r.TranslucencyVolumeBlur:1]]
[2020.12.22-10.06.51:323][  0]LogConfig: Setting CVar [[r.MaterialQualityLevel:1 ; High quality]]
[2020.12.22-10.06.51:323][  0]LogConfig: Setting CVar [[r.SSS.Scale:1]]
[2020.12.22-10.06.51:323][  0]LogConfig: Setting CVar [[r.SSS.SampleSet:2]]
[2020.12.22-10.06.51:323][  0]LogConfig: Setting CVar [[r.SSS.Quality:1]]
[2020.12.22-10.06.51:323][  0]LogConfig: Setting CVar [[r.SSS.HalfRes:0]]
[2020.12.22-10.06.51:323][  0]LogConfig: Setting CVar [[r.SSGI.Quality:3]]
[2020.12.22-10.06.51:323][  0]LogConfig: Setting CVar [[r.EmitterSpawnRateScale:1.0]]
[2020.12.22-10.06.51:323][  0]LogConfig: Setting CVar [[r.ParticleLightQuality:2]]
[2020.12.22-10.06.51:323][  0]LogConfig: Setting CVar [[r.SkyAtmosphere.AerialPerspectiveLUT.FastApplyOnOpaque:1 ; Always have FastSkyLUT 1 in this case to avoid wrong sky]]
[2020.12.22-10.06.51:323][  0]LogConfig: Setting CVar [[r.SkyAtmosphere.AerialPerspectiveLUT.SampleCountPerSlice:1]]
[2020.12.22-10.06.51:324][  0]LogConfig: Setting CVar [[r.SkyAtmosphere.AerialPerspectiveLUT.DepthResolution:16.0]]
[2020.12.22-10.06.51:324][  0]LogConfig: Setting CVar [[r.SkyAtmosphere.FastSkyLUT:1]]
[2020.12.22-10.06.51:324][  0]LogConfig: Setting CVar [[r.SkyAtmosphere.FastSkyLUT.SampleCountMin:4.0]]
[2020.12.22-10.06.51:324][  0]LogConfig: Setting CVar [[r.SkyAtmosphere.FastSkyLUT.SampleCountMax:32.0]]
[2020.12.22-10.06.51:324][  0]LogConfig: Setting CVar [[r.SkyAtmosphere.SampleCountMin:4.0]]
[2020.12.22-10.06.51:324][  0]LogConfig: Setting CVar [[r.SkyAtmosphere.SampleCountMax:32.0]]
[2020.12.22-10.06.51:324][  0]LogConfig: Setting CVar [[r.SkyAtmosphere.TransmittanceLUT.UseSmallFormat:0]]
[2020.12.22-10.06.51:324][  0]LogConfig: Setting CVar [[r.SkyAtmosphere.TransmittanceLUT.SampleCount:10.0]]
[2020.12.22-10.06.51:324][  0]LogConfig: Setting CVar [[r.SkyAtmosphere.MultiScatteringLUT.SampleCount:15.0]]
[2020.12.22-10.06.51:324][  0]LogConfig: Applying CVar settings from Section [FoliageQuality@3] File [C:/Users/yeffi/Documents/Unreal Projects/SeniorDesign/Saved/Config/Windows/Scalability.ini]
[2020.12.22-10.06.51:324][  0]LogConfig: Setting CVar [[foliage.DensityScale:1.0]]
[2020.12.22-10.06.51:324][  0]LogConfig: Setting CVar [[grass.DensityScale:1.0]]
[2020.12.22-10.06.51:324][  0]LogConfig: Applying CVar settings from Section [ShadingQuality@3] File [C:/Users/yeffi/Documents/Unreal Projects/SeniorDesign/Saved/Config/Windows/Scalability.ini]
[2020.12.22-10.06.51:325][  0]LogConfig: Setting CVar [[r.HairStrands.SkyLighting.SampleCount:16]]
[2020.12.22-10.06.51:325][  0]LogConfig: Setting CVar [[r.HairStrands.SkyLighting.JitterIntegration:0]]
[2020.12.22-10.06.51:325][  0]LogConfig: Setting CVar [[r.HairStrands.SkyAO.SampleCount:16]]
[2020.12.22-10.06.51:325][  0]LogConfig: Setting CVar [[r.HairStrands.DeepShadow.SuperSampling:0]]
[2020.12.22-10.06.51:325][  0]LogConfig: Setting CVar [[r.HairStrands.VisibilityPPLL:0]]
[2020.12.22-10.06.51:325][  0]LogConfig: Setting CVar [[r.HairStrands.RasterizationScale:0.5]]
[2020.12.22-10.06.51:325][  0]LogConfig: Setting CVar [[r.HairStrands.VelocityRasterizationScale:1]]
[2020.12.22-10.06.51:325][  0]LogConfig: Applying CVar settings from Section [Startup] File [../../../Engine/Config/ConsoleVariables.ini]
[2020.12.22-10.06.51:325][  0]LogConfig: Setting CVar [[net.UseAdaptiveNetUpdateFrequency:0]]
[2020.12.22-10.06.51:325][  0]LogConfig: Setting CVar [[p.chaos.AllowCreatePhysxBodies:1]]
[2020.12.22-10.06.51:326][  0]LogConfig: Setting CVar [[fx.SkipVectorVMBackendOptimizations:1]]
[2020.12.22-10.06.51:326][  0]LogConfig: Applying CVar settings from Section [ConsoleVariables] File [C:/Users/yeffi/Documents/Unreal Projects/SeniorDesign/Saved/Config/Windows/Engine.ini]
[2020.12.22-10.06.51:326][  0]LogInit: Computer: LAPTOP-N4G75RRG
[2020.12.22-10.06.51:326][  0]LogInit: User: yeffi
[2020.12.22-10.06.51:326][  0]LogInit: CPU Page size=4096, Cores=4
[2020.12.22-10.06.51:326][  0]LogInit: High frequency timer resolution =10.000000 MHz
[2020.12.22-10.06.51:326][  0]LogMemory: Memory total: Physical=15.9GB (16GB approx)
[2020.12.22-10.06.51:326][  0]LogMemory: Platform Memory Stats for Windows
[2020.12.22-10.06.51:327][  0]LogMemory: Process Physical Memory: 119.93 MB used, 119.93 MB peak
[2020.12.22-10.06.51:327][  0]LogMemory: Process Virtual Memory: 102.23 MB used, 102.23 MB peak
[2020.12.22-10.06.51:327][  0]LogMemory: Physical Memory: 6580.91 MB used,  9694.21 MB free, 16275.12 MB total
[2020.12.22-10.06.51:327][  0]LogMemory: Virtual Memory: 5188.47 MB used,  134212536.00 MB free, 134217728.00 MB total
[2020.12.22-10.06.51:346][  0]LogWindows: WindowsPlatformFeatures enabled
[2020.12.22-10.06.51:664][  0]LogInit: Physics initialised using underlying interface: PhysX
[2020.12.22-10.06.51:666][  0]LogInit: Using OS detected language (en-US).
[2020.12.22-10.06.51:666][  0]LogInit: Using OS detected locale (en-US).
[2020.12.22-10.06.51:675][  0]LogTextLocalizationManager: No specific localization for 'en-US' exists, so the 'en' localization will be used.
[2020.12.22-10.06.52:047][  0]LogInit: Setting process to per monitor DPI aware
[2020.12.22-10.06.52:235][  0]LogSlate: New Slate User Created.  User Index 0, Is Virtual User: 0
[2020.12.22-10.06.52:235][  0]LogSlate: Slate User Registered.  User Index 0, Is Virtual User: 0
[2020.12.22-10.06.56:104][  0]LogHMD: Failed to initialize OpenVR with code 110
[2020.12.22-10.06.56:104][  0]LogD3D11RHI: D3D11 min allowed feature level: 11_0
[2020.12.22-10.06.56:104][  0]LogD3D11RHI: D3D11 max allowed feature level: 11_0
[2020.12.22-10.06.56:104][  0]LogD3D11RHI: D3D11 adapters:
[2020.12.22-10.06.56:196][  0]LogD3D11RHI:    0. 'NVIDIA GeForce GTX 1060' (Feature Level 11_0)
[2020.12.22-10.06.56:197][  0]LogD3D11RHI:       6061/0/8137 MB DedicatedVideo/DedicatedSystem/SharedSystem, Outputs:1, VendorId:0x10de
[2020.12.22-10.06.56:252][  0]LogD3D11RHI:    1. 'Intel(R) HD Graphics 630' (Feature Level 11_0)
[2020.12.22-10.06.56:252][  0]LogD3D11RHI:       128/0/8137 MB DedicatedVideo/DedicatedSystem/SharedSystem, Outputs:0, VendorId:0x8086
[2020.12.22-10.06.56:260][  0]LogD3D11RHI:    2. 'Microsoft Basic Render Driver' (Feature Level 11_0)
[2020.12.22-10.06.56:260][  0]LogD3D11RHI:       0/0/8137 MB DedicatedVideo/DedicatedSystem/SharedSystem, Outputs:0, VendorId:0x1414
[2020.12.22-10.06.56:260][  0]LogD3D11RHI: Chosen D3D11 Adapter: 0
[2020.12.22-10.06.56:280][  0]LogD3D11RHI: Creating new Direct3DDevice
[2020.12.22-10.06.56:280][  0]LogD3D11RHI:     GPU DeviceId: 0x1c20 (for the marketing name, search the web for "GPU Device Id")
[2020.12.22-10.06.56:280][  0]LogWindows: EnumDisplayDevices:
[2020.12.22-10.06.56:280][  0]LogWindows:    0. 'Intel(R) HD Graphics 630' (P:0 D:0)
[2020.12.22-10.06.56:281][  0]LogWindows:    1. 'Intel(R) HD Graphics 630' (P:0 D:0)
[2020.12.22-10.06.56:282][  0]LogWindows:    2. 'Intel(R) HD Graphics 630' (P:0 D:0)
[2020.12.22-10.06.56:282][  0]LogWindows:    3. 'NVIDIA GeForce GTX 1060' (P:1 D:1)
[2020.12.22-10.06.56:283][  0]LogWindows: DebugString: PrimaryIsNotTheChoosenAdapter PrimaryIsNotTheChoosenAdapter PrimaryIsNotTheChoosenAdapter 
[2020.12.22-10.06.56:283][  0]LogD3D11RHI:     Adapter Name: NVIDIA GeForce GTX 1060
[2020.12.22-10.06.56:283][  0]LogD3D11RHI:   Driver Version: 388.73 (internal:23.21.13.8873, unified:388.73)
[2020.12.22-10.06.56:283][  0]LogD3D11RHI:      Driver Date: 12-18-2017
[2020.12.22-10.06.56:283][  0]LogRHI: Texture pool is 4242 MB (70% of 6061 MB)
[2020.12.22-10.06.56:341][  0]LogD3D11RHI: RHI has support for 64 bit atomics
[2020.12.22-10.06.56:343][  0]LogD3D11RHI: [Aftermath] Enabled and primed
[2020.12.22-10.06.56:343][  0]LogD3D11RHI: Async texture creation enabled
[2020.12.22-10.06.56:343][  0]LogD3D11RHI: Array index from any shader is supported
[2020.12.22-10.06.56:434][  0]LogD3D11RHI: GPU Timing Frequency: 1000.000000 (Debug: 2 1)
[2020.12.22-10.06.56:782][  0]LogTargetPlatformManager: Display: Loaded TargetPlatform 'AllDesktop'
[2020.12.22-10.06.56:807][  0]LogTargetPlatformManager: Display: Loaded TargetPlatform 'Android'
[2020.12.22-10.06.56:807][  0]LogTargetPlatformManager: Display: Loaded TargetPlatform 'Android_ASTC'
[2020.12.22-10.06.56:807][  0]LogTargetPlatformManager: Display: Loaded TargetPlatform 'Android_DXT'
[2020.12.22-10.06.56:808][  0]LogTargetPlatformManager: Display: Loaded TargetPlatform 'Android_ETC2'
[2020.12.22-10.06.56:808][  0]LogTargetPlatformManager: Display: Loaded TargetPlatform 'AndroidClient'
[2020.12.22-10.06.56:808][  0]LogTargetPlatformManager: Display: Loaded TargetPlatform 'Android_ASTCClient'
[2020.12.22-10.06.56:808][  0]LogTargetPlatformManager: Display: Loaded TargetPlatform 'Android_DXTClient'
[2020.12.22-10.06.56:808][  0]LogTargetPlatformManager: Display: Loaded TargetPlatform 'Android_ETC2Client'
[2020.12.22-10.06.56:808][  0]LogTargetPlatformManager: Display: Loaded TargetPlatform 'Android_Multi'
[2020.12.22-10.06.56:808][  0]LogTargetPlatformManager: Display: Loaded TargetPlatform 'Android_MultiClient'
[2020.12.22-10.06.56:855][  0]LogTargetPlatformManager: Display: Loaded TargetPlatform 'IOSClient'
[2020.12.22-10.06.56:855][  0]LogTargetPlatformManager: Display: Loaded TargetPlatform 'IOS'
[2020.12.22-10.06.56:882][  0]LogTargetPlatformManager: Display: Loaded TargetPlatform 'Linux'
[2020.12.22-10.06.56:894][  0]LogTargetPlatformManager: Display: Loaded TargetPlatform 'LinuxNoEditor'
[2020.12.22-10.06.56:905][  0]LogTargetPlatformManager: Display: Loaded TargetPlatform 'LinuxClient'
[2020.12.22-10.06.56:917][  0]LogTargetPlatformManager: Display: Loaded TargetPlatform 'LinuxServer'
[2020.12.22-10.06.56:931][  0]LogTargetPlatformManager: Display: Loaded TargetPlatform 'LinuxAArch64NoEditor'
[2020.12.22-10.06.56:944][  0]LogTargetPlatformManager: Display: Loaded TargetPlatform 'LinuxAArch64Client'
[2020.12.22-10.06.56:956][  0]LogTargetPlatformManager: Display: Loaded TargetPlatform 'LinuxAArch64Server'
[2020.12.22-10.06.56:991][  0]LogTargetPlatformManager: Display: Loaded TargetPlatform 'Lumin'
[2020.12.22-10.06.56:992][  0]LogTargetPlatformManager: Display: Loaded TargetPlatform 'LuminClient'
[2020.12.22-10.06.57:016][  0]LogTargetPlatformManager: Display: Loaded TargetPlatform 'TVOSClient'
[2020.12.22-10.06.57:016][  0]LogTargetPlatformManager: Display: Loaded TargetPlatform 'TVOS'
[2020.12.22-10.06.57:030][  0]LogTargetPlatformManager: Display: Loaded TargetPlatform 'WindowsNoEditor'
[2020.12.22-10.06.57:042][  0]LogTargetPlatformManager: Display: Loaded TargetPlatform 'Windows'
[2020.12.22-10.06.57:055][  0]LogTargetPlatformManager: Display: Loaded TargetPlatform 'WindowsClient'
[2020.12.22-10.06.57:073][  0]LogTargetPlatformManager: Display: Loaded TargetPlatform 'WindowsServer'
[2020.12.22-10.06.57:073][  0]LogTargetPlatformManager: Display: Building Assets For Windows
[2020.12.22-10.06.57:095][  0]LogAudioDebug: Display: Lib vorbis DLL was dynamically loaded.
[2020.12.22-10.06.57:243][  0]LogShaderCompilers: Guid format shader working directory is -23 characters bigger than the processId version (../../../../../../Users/yeffi/Documents/Unreal Projects/SeniorDesign/Intermediate/Shaders/WorkingDirectory/62576/).
[2020.12.22-10.06.57:243][  0]LogShaderCompilers: Cleaned the shader compiler working directory 'C:/Users/yeffi/AppData/Local/Temp/UnrealShaderWorkingDir/8495691B46665682A023C6836D5B3D31/'.
[2020.12.22-10.06.57:244][  0]LogXGEController: Cleaning working directory: C:/Users/yeffi/AppData/Local/Temp/UnrealXGEWorkingDir/
[2020.12.22-10.06.57:245][  0]LogXGEController: Cannot use XGE Controller as Incredibuild is not installed on this machine.
[2020.12.22-10.06.57:245][  0]LogShaderCompilers: Cannot use XGE Shader Compiler as Incredibuild is not installed on this machine.
[2020.12.22-10.06.57:245][  0]LogShaderCompilers: Display: Using Local Shader Compiler.
[2020.12.22-10.07.01:084][  0]LogDerivedDataCache: Display: Max Cache Size: 512 MB
[2020.12.22-10.07.01:163][  0]LogDerivedDataCache: Loaded boot cache 0.08s 79MB C:/Users/yeffi/AppData/Local/UnrealEngine/4.25/DerivedDataCache/Boot.ddc.
[2020.12.22-10.07.01:163][  0]LogDerivedDataCache: Display: Loaded Boot cache: C:/Users/yeffi/AppData/Local/UnrealEngine/4.25/DerivedDataCache/Boot.ddc
[2020.12.22-10.07.01:163][  0]LogDerivedDataCache: FDerivedDataBackendGraph:  Pak pak cache file ../../../../../../Users/yeffi/Documents/Unreal Projects/SeniorDesign/DerivedDataCache/DDC.ddp not found, will not use a pak cache.
[2020.12.22-10.07.01:164][  0]LogDerivedDataCache: Unable to find inner node Pak for hierarchical cache Hierarchy.
[2020.12.22-10.07.01:164][  0]LogDerivedDataCache: FDerivedDataBackendGraph:  CompressedPak pak cache file ../../../../../../Users/yeffi/Documents/Unreal Projects/SeniorDesign/DerivedDataCache/Compressed.ddp not found, will not use a pak cache.
[2020.12.22-10.07.01:164][  0]LogDerivedDataCache: Unable to find inner node CompressedPak for hierarchical cache Hierarchy.
[2020.12.22-10.07.01:185][  0]LogDerivedDataCache: Display: Pak cache opened for reading ../../../Engine/DerivedDataCache/Compressed.ddp.
[2020.12.22-10.07.01:185][  0]LogDerivedDataCache: FDerivedDataBackendGraph:  EnterprisePak pak cache file ../../../Enterprise/DerivedDataCache/Compressed.ddp not found, will not use a pak cache.
[2020.12.22-10.07.01:185][  0]LogDerivedDataCache: Unable to find inner node EnterprisePak for hierarchical cache Hierarchy.
[2020.12.22-10.07.01:188][  0]LogDerivedDataCache: Using Local data cache path C:/Users/yeffi/AppData/Local/UnrealEngine/Common/DerivedDataCache: Writable
[2020.12.22-10.07.01:188][  0]LogDerivedDataCache: Shared data cache path not found in *engine.ini, will not use an Shared cache.
[2020.12.22-10.07.01:188][  0]LogDerivedDataCache: Unable to find inner node Shared for hierarchical cache Hierarchy.
[2020.12.22-10.07.01:258][  0]LogSlate: Using FreeType 2.10.0
[2020.12.22-10.07.01:287][  0]LogSlate: SlateFontServices - WITH_FREETYPE: 1, WITH_HARFBUZZ: 1
[2020.12.22-10.07.01:326][  0]LogAssetRegistry: FAssetRegistry took 0.0051 seconds to start up
[2020.12.22-10.07.01:658][  0]LogInit: Selected Device Profile: [Windows]
[2020.12.22-10.07.01:933][  0]LogMeshReduction: Using QuadricMeshReduction for automatic static mesh reduction
[2020.12.22-10.07.01:933][  0]LogMeshReduction: Using SimplygonMeshReduction for automatic skeletal mesh reduction
[2020.12.22-10.07.01:933][  0]LogMeshReduction: Using ProxyLODMeshReduction for automatic mesh merging
[2020.12.22-10.07.01:933][  0]LogMeshReduction: No distributed automatic mesh merging module available
[2020.12.22-10.07.01:934][  0]LogMeshMerging: No distributed automatic mesh merging module available
[2020.12.22-10.07.02:003][  0]LogNetVersion: SeniorDesign 1.0.0, NetCL: 13144385, EngineNetVer: 14, GameNetVer: 0 (Checksum: 3580629737)
[2020.12.22-10.07.03:359][  0]LogAISub: UAISubsystem::UAISubsystem AISubsystem (0000016710F5A9C0), frame # 0
[2020.12.22-10.07.03:359][  0]LogAISub: UAISubsystem::UAISubsystem AIPerceptionSystem (0000016710DD1E40), frame # 0
[2020.12.22-10.07.03:361][  0]LogAISub: UAISubsystem::UAISubsystem EnvQueryManager (0000016710E15C00), frame # 0
[2020.12.22-10.07.03:472][  0]LogPackageLocalizationCache: Processed 20 localized package path(s) for 1 prioritized culture(s) in 0.086984 seconds
[2020.12.22-10.07.03:477][  0]LogUObjectArray: 15917 objects as part of root set at end of initial load.
[2020.12.22-10.07.03:477][  0]LogUObjectAllocator: 3965568 out of 0 bytes used by permanent object pool.
[2020.12.22-10.07.03:477][  0]LogUObjectArray: CloseDisregardForGC: 0/0 objects in disregard for GC pool
[2020.12.22-10.07.04:374][  0]LogTcpMessaging: Initializing TcpMessaging bridge
[2020.12.22-10.07.04:383][  0]LogUdpMessaging: Initializing bridge on interface 0.0.0.0:0 to multicast group 230.0.0.1:6666.
[2020.12.22-10.07.04:573][  0]SourceControl: Source control is disabled
[2020.12.22-10.07.04:573][  0]SourceControl: Source control is disabled
[2020.12.22-10.07.04:581][  0]SourceControl: Source control is disabled
[2020.12.22-10.07.04:590][  0]SourceControl: Source control is disabled
[2020.12.22-10.07.04:603][  0]SourceControl: Source control is disabled
[2020.12.22-10.07.05:038][  0]LogAndroidPermission: UAndroidPermissionCallbackProxy::GetInstance
[2020.12.22-10.07.05:073][  0]LogAudioCaptureCore: Display: No Audio Capture implementations found. Audio input will be silent.
[2020.12.22-10.07.05:074][  0]LogAudioCaptureCore: Display: No Audio Capture implementations found. Audio input will be silent.
[2020.12.22-10.07.05:184][  0]LogOcInput: OculusInput pre-init called
[2020.12.22-10.07.05:586][  0]LogEngine: Initializing Engine...
[2020.12.22-10.07.05:588][  0]LogHMD: Failed to initialize OpenVR with code 110
[2020.12.22-10.07.05:588][  0]LogMagicLeap: Warning: VR disabled because ZI is not enabled.  To enable, in the editor, Edit -> Project Settings -> Plugins -> Magic Leap Plugin -> Enable Zero Iteration
[2020.12.22-10.07.05:589][  0]LogStats: UGameplayTagsManager::InitializeManager -  0.000 s
[2020.12.22-10.07.05:943][  0]LogInit: Initializing FReadOnlyCVARCache
[2020.12.22-10.07.05:956][  0]LogAIModule: Creating AISystem for world Untitled
[2020.12.22-10.07.05:956][  0]LogAISub: UAISubsystem::UAISubsystem EnvQueryManager (000001671927A600), frame # 0
[2020.12.22-10.07.05:956][  0]LogAISub: UAISubsystem::UAISubsystem AIPerceptionSystem (0000016719267B00), frame # 0
[2020.12.22-10.07.05:966][  0]LogAudioMixer: Display: Audio Mixer Platform Settings:
[2020.12.22-10.07.05:966][  0]LogAudioMixer: Display: 	Sample Rate:						  48000
[2020.12.22-10.07.05:966][  0]LogAudioMixer: Display: 	Callback Buffer Frame Size Requested: 1024
[2020.12.22-10.07.05:966][  0]LogAudioMixer: Display: 	Callback Buffer Frame Size To Use:	  1024
[2020.12.22-10.07.05:967][  0]LogAudioMixer: Display: 	Number of buffers to queue:			  2
[2020.12.22-10.07.05:967][  0]LogAudioMixer: Display: 	Max Channels (voices):				  32
[2020.12.22-10.07.05:967][  0]LogAudioMixer: Display: 	Number of Async Source Workers:		  0
[2020.12.22-10.07.05:967][  0]LogAudio: Display: AudioDevice MaxSources: 32
[2020.12.22-10.07.05:968][  0]LogAudio: Display: Using built-in audio occlusion.
[2020.12.22-10.07.05:968][  0]LogAudioMixer: Display: Initializing audio mixer.
[2020.12.22-10.07.06:023][  0]LogAudioMixer: Display: 0: FrontLeft
[2020.12.22-10.07.06:023][  0]LogAudioMixer: Display: 1: FrontRight
[2020.12.22-10.07.06:122][  0]LogAudioMixer: Display: Using Audio Device Speakers (Realtek High Definition Audio)
[2020.12.22-10.07.06:125][  0]LogAudioMixer: Display: Initializing Sound Submixes...
[2020.12.22-10.07.06:155][  0]LogAudioMixer: Display: Creating Master Submix 'MasterSubmixDefault'
[2020.12.22-10.07.06:155][  0]LogAudioMixer: Display: Creating Master Submix 'MasterReverbSubmixDefault'
[2020.12.22-10.07.06:156][  0]LogAudioMixer: Display: Creating Master Submix 'MasterEQSubmixDefault'
[2020.12.22-10.07.06:158][  0]LogInit: FAudioDevice initialized.
[2020.12.22-10.07.06:158][  0]LogNetVersion: Set ProjectVersion to 1.0.0.0. Version Checksum will be recalculated on next use.
[2020.12.22-10.07.06:209][  0]LogDerivedDataCache: Saved boot cache 0.05s 79MB C:/Users/yeffi/AppData/Local/UnrealEngine/4.25/DerivedDataCache/Boot.ddc.
[2020.12.22-10.07.06:213][  0]LogInit: Texture streaming: Enabled
[2020.12.22-10.07.06:253][  0]LogEngineSessionManager: EngineSessionManager initialized
[2020.12.22-10.07.06:253][  0]LogEditorSessionSummary: Verbose: Initializing EditorSessionSummaryWriter for editor session tracking
[2020.12.22-10.07.06:255][  0]LogEditorSessionSummary: EditorSessionSummaryWriter initialized
[2020.12.22-10.07.06:336][  0]LogInit: Transaction tracking system initialized
[2020.12.22-10.07.06:386][  0]BlueprintLog: New page: Editor Load
[2020.12.22-10.07.06:535][  0]LocalizationService: Localization service is disabled
[2020.12.22-10.07.07:101][  0]LogCook: Display: Max memory allowance for cook 16384mb min free memory 0mb
[2020.12.22-10.07.07:102][  0]LogCook: Display: Mobile HDR setting 1
[2020.12.22-10.07.07:391][  0]LogFileCache: Scanning file cache for directory 'C:/Users/yeffi/Documents/Unreal Projects/SeniorDesign/Content/' took 0.01s
[2020.12.22-10.07.07:646][  0]SourceControl: Source control is disabled
[2020.12.22-10.07.07:646][  0]LogUnrealEdMisc: Loading editor; pre map load, took 19.455
[2020.12.22-10.07.07:646][  0]Cmd: MAP LOAD FILE="../../../../../../Users/yeffi/Documents/Unreal Projects/SeniorDesign/Content/StarterContent/Maps/Minimal_Default.umap" TEMPLATE=0 SHOWPROGRESS=1 FEATURELEVEL=3
[2020.12.22-10.07.07:647][  0]LightingResults: New page: Lighting Build
[2020.12.22-10.07.07:649][  0]LogWorld: UWorld::CleanupWorld for Untitled, bSessionEnded=true, bCleanupResources=true
[2020.12.22-10.07.07:649][  0]LogSlate: InvalidateAllWidgets triggered.  All widgets were invalidated
[2020.12.22-10.07.07:649][  0]MapCheck: New page: Map Check
[2020.12.22-10.07.07:649][  0]LightingResults: New page: Lighting Build
[2020.12.22-10.07.07:660][  0]LogAISub: UAISubsystem::~UAISubsystem EnvQueryManager (000001671927A600), frame # 0
[2020.12.22-10.07.07:660][  0]LogAISub: UAISubsystem::~UAISubsystem AIPerceptionSystem (0000016719267B00), frame # 0
[2020.12.22-10.07.07:661][  0]LogUObjectHash: Compacting FUObjectHashTables data took   1.00ms
[2020.12.22-10.07.08:361][  0]LogAIModule: Creating AISystem for world Minimal_Default
[2020.12.22-10.07.08:361][  0]LogAISub: UAISubsystem::UAISubsystem EnvQueryManager (0000016702DDCE00), frame # 0
[2020.12.22-10.07.08:361][  0]LogAISub: UAISubsystem::UAISubsystem AIPerceptionSystem (0000016702E7DBC0), frame # 0
[2020.12.22-10.07.08:388][  0]LogEditorServer: Finished looking for orphan Actors (0.000 secs)
[2020.12.22-10.07.08:399][  0]LogUObjectHash: Compacting FUObjectHashTables data took   0.68ms
[2020.12.22-10.07.08:400][  0]Cmd: MAP CHECKDEP NOCLEARLOG
[2020.12.22-10.07.08:400][  0]MapCheck: Map check complete: 0 Error(s), 0 Warning(s), took 0.239ms to complete.
[2020.12.22-10.07.08:400][  0]LogFileHelpers: Loading map 'Minimal_Default' took 0.754
[2020.12.22-10.07.08:403][  0]LogUnrealEdMisc: Total Editor Startup Time, took 20.212
[2020.12.22-10.07.08:952][  0]LogSlate: Updating window title bar state: overlay mode, drag disabled, window buttons hidden, title bar hidden
[2020.12.22-10.07.08:967][  0]LogSlate: Updating window title bar state: overlay mode, drag disabled, window buttons hidden, title bar hidden
[2020.12.22-10.07.08:981][  0]LogSlate: Updating window title bar state: overlay mode, drag disabled, window buttons hidden, title bar hidden
[2020.12.22-10.07.08:990][  0]LogSlate: Updating window title bar state: overlay mode, drag disabled, window buttons hidden, title bar hidden
[2020.12.22-10.07.09:006][  0]LogCollectionManager: Loaded 0 collections in 0.001830 seconds
[2020.12.22-10.07.09:031][  0]LogFileCache: Scanning file cache for directory 'C:/Users/yeffi/Documents/Unreal Projects/SeniorDesign/Saved/Collections/' took 0.00s
[2020.12.22-10.07.09:031][  0]LogFileCache: Scanning file cache for directory 'C:/Users/yeffi/Documents/Unreal Projects/SeniorDesign/Content/Developers/yeffi/Collections/' took 0.00s
[2020.12.22-10.07.09:031][  0]LogFileCache: Scanning file cache for directory 'C:/Users/yeffi/Documents/Unreal Projects/SeniorDesign/Content/Collections/' took 0.00s
[2020.12.22-10.07.09:031][  0]LogContentBrowser: Native class hierarchy populated in 0.0094 seconds. Added 3429 classes and 823 folders.
[2020.12.22-10.07.09:036][  0]LogContentBrowser: Native class hierarchy updated for 'WidgetCarousel' in 0.0004 seconds. Added 0 classes and 0 folders.
[2020.12.22-10.07.09:393][  0]LogContentBrowser: Native class hierarchy updated for 'AddContentDialog' in 0.0004 seconds. Added 0 classes and 0 folders.
[2020.12.22-10.07.09:401][  0]LogContentBrowser: Native class hierarchy updated for 'SceneOutliner' in 0.0004 seconds. Added 2 classes and 0 folders.
[2020.12.22-10.07.09:447][  0]LogContentBrowser: Native class hierarchy updated for 'HierarchicalLODOutliner' in 0.0004 seconds. Added 0 classes and 0 folders.
[2020.12.22-10.07.09:447][  0]LogLoad: (Engine Initialization) Total time: 21.26 seconds
[2020.12.22-10.07.09:447][  0]LogLoad: (Engine Initialization) Total Blueprint compile time: 0.00 seconds
[2020.12.22-10.07.09:499][  0]LogAssetRegistry: Asset discovery search completed in 8.1762 seconds
[2020.12.22-10.07.09:504][  0]LogCollectionManager: Fixed up redirectors for 0 collections in 0.000004 seconds (updated 0 objects)
[2020.12.22-10.07.09:506][  0]LogContentStreaming: Texture pool size now 1000 MB
[2020.12.22-10.07.09:525][  0]LogSlate: Took 0.005796 seconds to synchronously load lazily loaded font '../../../Engine/Content/Slate/Fonts/Roboto-Regular.ttf' (155K)
[2020.12.22-10.07.09:531][  0]LogSlate: Took 0.004941 seconds to synchronously load lazily loaded font '../../../Engine/Content/Slate/Fonts/Roboto-Bold.ttf' (160K)
[2020.12.22-10.07.09:541][  0]LogSlate: Took 0.005712 seconds to synchronously load lazily loaded font '../../../Engine/Content/Editor/Slate/Fonts/FontAwesome.ttf' (139K)
[2020.12.22-10.07.09:761][  1]LogRenderer: Reallocating scene render targets to support 892x472 Format 10 NumSamples 1 (Frame:1).
[2020.12.22-10.07.09:852][  3]LogRenderer: Reallocating scene render targets to support 892x496 Format 10 NumSamples 1 (Frame:2).
[2020.12.22-10.07.29:780][159]LogSlate: Took 0.005039 seconds to synchronously load lazily loaded font '../../../Engine/Content/Slate/Fonts/Roboto-Light.ttf' (167K)
[2020.12.22-10.07.29:809][159]LogAssetEditorSubsystem: Opening Asset editor for EditorUtilityWidgetBlueprint /PlantDesigner/UserInterface.UserInterface
[2020.12.22-10.07.30:378][159]LogContentBrowser: Native class hierarchy updated for 'BlueprintGraph' in 0.0013 seconds. Added 125 classes and 0 folders.
[2020.12.22-10.07.31:848][159]LogSlate: Took 0.005736 seconds to synchronously load lazily loaded font '../../../Engine/Content/Slate/Fonts/Roboto-BoldCondensed.ttf' (158K)
[2020.12.22-10.07.33:547][235]LogSlate: Took 0.005179 seconds to synchronously load lazily loaded font '../../../Engine/Content/Slate/Fonts/Roboto-Italic.ttf' (157K)
[2020.12.22-10.08.18:524][782]BlueprintLog: New page: Compile UserInterface
[2020.12.22-10.08.18:644][782]LogUObjectHash: Compacting FUObjectHashTables data took   3.99ms
[2020.12.22-10.08.18:959][782]LogSlate: Took 0.007703 seconds to synchronously load lazily loaded font '../../../Engine/Content/Slate/Fonts/DroidSansMono.ttf' (77K)
[2020.12.22-10.08.19:327][801]Cmd: OBJ SAVEPACKAGE PACKAGE="/PlantDesigner/UserInterface" FILE="../../../../../../Users/yeffi/Documents/Unreal Projects/SeniorDesign/Plugins/PlantDesigner/Content/UserInterface.uasset" SILENT=true
[2020.12.22-10.08.19:468][801]LogSavePackage: Moving '../../../../../../Users/yeffi/Documents/Unreal Projects/SeniorDesign/Saved/UserInterface848A07734344BED6B2F5019F1EC34289.tmp' to '../../../../../../Users/yeffi/Documents/Unreal Projects/SeniorDesign/Plugins/PlantDesigner/Content/UserInterface.uasset'
[2020.12.22-10.08.19:489][801]AssetCheck: New page: Asset Save: UserInterface
[2020.12.22-10.08.19:489][801]LogContentValidation: Display: Validating EditorUtilityWidgetBlueprint /PlantDesigner/UserInterface.UserInterface
[2020.12.22-10.11.58:177][815]BlueprintLog: New page: Compile UserInterface
[2020.12.22-10.11.58:285][815]LogUObjectHash: Compacting FUObjectHashTables data took   3.64ms
[2020.12.22-10.15.34:686][529]BlueprintLog: New page: Compile UserInterface
[2020.12.22-10.15.34:803][529]LogUObjectHash: Compacting FUObjectHashTables data took   5.46ms
[2020.12.22-10.15.35:568][543]Cmd: OBJ SAVEPACKAGE PACKAGE="/PlantDesigner/UserInterface" FILE="../../../../../../Users/yeffi/Documents/Unreal Projects/SeniorDesign/Plugins/PlantDesigner/Content/UserInterface.uasset" SILENT=true
[2020.12.22-10.15.35:707][543]LogSavePackage: Moving '../../../../../../Users/yeffi/Documents/Unreal Projects/SeniorDesign/Saved/UserInterface86724A724C5537B565E2F2A26CC2EA2D.tmp' to '../../../../../../Users/yeffi/Documents/Unreal Projects/SeniorDesign/Plugins/PlantDesigner/Content/UserInterface.uasset'
[2020.12.22-10.15.35:723][543]AssetCheck: New page: Asset Save: UserInterface
[2020.12.22-10.15.35:723][543]LogContentValidation: Display: Validating EditorUtilityWidgetBlueprint /PlantDesigner/UserInterface.UserInterface
[2020.12.22-10.15.43:067][963]LogEditor: Attempting to add actor of class 'PlantInstance_C' to level at 0.00,0.00,32.00
[2020.12.22-10.15.53:766][397]LogTemp: Warning: num of plants spawning: 46.000000
[2020.12.22-10.15.53:767][397]LogTemp: Warning: ratio not qualify for reproduction
[2020.12.22-10.15.53:767][397]LogTemp: Warning: ratio not qualify for reproduction
[2020.12.22-10.15.53:767][397]LogTemp: Warning: ratio not qualify for reproduction
[2020.12.22-10.15.53:767][397]LogTemp: Warning: ratio not qualify for reproduction
[2020.12.22-10.15.53:768][397]LogTemp: Warning: ratio not qualify for reproduction
[2020.12.22-10.15.53:768][397]LogTemp: Warning: ratio not qualify for reproduction
[2020.12.22-10.15.53:768][397]LogTemp: Warning: ratio not qualify for reproduction
[2020.12.22-10.15.53:768][397]LogTemp: Warning: ratio not qualify for reproduction
[2020.12.22-10.15.53:768][397]LogTemp: Warning: ratio not qualify for reproduction
[2020.12.22-10.15.53:768][397]LogTemp: Warning: ratio not qualify for reproduction
[2020.12.22-10.15.53:769][397]LogTemp: Warning: ratio not qualify for reproduction
[2020.12.22-10.15.53:769][397]LogTemp: Warning: ratio not qualify for reproduction
[2020.12.22-10.15.53:769][397]LogTemp: Warning: ratio not qualify for reproduction
[2020.12.22-10.15.53:769][397]LogTemp: Warning: ratio not qualify for reproduction
[2020.12.22-10.15.53:769][397]LogTemp: Warning: ratio not qualify for reproduction
[2020.12.22-10.15.53:769][397]LogTemp: Warning: ratio not qualify for reproduction
[2020.12.22-10.15.53:769][397]LogTemp: Warning: ratio not qualify for reproduction
[2020.12.22-10.15.53:769][397]LogTemp: Warning: ratio not qualify for reproduction
[2020.12.22-10.15.53:770][397]LogTemp: Warning: ratio not qualify for reproduction
[2020.12.22-10.15.53:770][397]LogTemp: Warning: ratio not qualify for reproduction
[2020.12.22-10.15.53:770][397]LogTemp: Warning: ratio not qualify for reproduction
[2020.12.22-10.15.53:770][397]LogTemp: Warning: ratio not qualify for reproduction
[2020.12.22-10.15.53:770][397]LogTemp: Warning: ratio not qualify for reproduction
[2020.12.22-10.15.53:770][397]LogTemp: Warning: ratio not qualify for reproduction
[2020.12.22-10.15.53:770][397]LogTemp: Warning: ratio not qualify for reproduction
[2020.12.22-10.15.53:770][397]LogTemp: Warning: ratio not qualify for reproduction
[2020.12.22-10.15.53:770][397]LogTemp: Warning: ratio not qualify for reproduction
[2020.12.22-10.15.53:770][397]LogTemp: Warning: ratio not qualify for reproduction
[2020.12.22-10.15.53:770][397]LogTemp: Warning: ratio not qualify for reproduction
[2020.12.22-10.15.53:770][397]LogTemp: Warning: ratio not qualify for reproduction
[2020.12.22-10.15.53:770][397]LogTemp: Warning: ratio not qualify for reproduction
[2020.12.22-10.15.53:771][397]LogTemp: Warning: ratio not qualify for reproduction
[2020.12.22-10.15.53:771][397]LogTemp: Warning: ratio not qualify for reproduction
[2020.12.22-10.15.53:771][397]LogTemp: Warning: ratio not qualify for reproduction
[2020.12.22-10.15.53:771][397]LogTemp: Warning: ratio not qualify for reproduction
[2020.12.22-10.15.53:771][397]LogTemp: Warning: ratio not qualify for reproduction
[2020.12.22-10.15.53:771][397]LogTemp: Warning: ratio not qualify for reproduction
[2020.12.22-10.15.53:771][397]LogTemp: Warning: ratio not qualify for reproduction
[2020.12.22-10.15.53:771][397]LogTemp: Warning: ratio not qualify for reproduction
[2020.12.22-10.15.53:771][397]LogTemp: Warning: ratio not qualify for reproduction
[2020.12.22-10.15.53:771][397]LogTemp: Warning: ratio not qualify for reproduction
[2020.12.22-10.15.53:772][397]LogTemp: Warning: ratio not qualify for reproduction
[2020.12.22-10.15.53:772][397]LogTemp: Warning: ratio not qualify for reproduction
[2020.12.22-10.15.53:772][397]LogTemp: Warning: ratio not qualify for reproduction
[2020.12.22-10.15.53:772][397]LogTemp: Warning: ratio not qualify for reproduction
[2020.12.22-10.15.53:772][397]LogTemp: Warning: ratio not qualify for reproduction
[2020.12.22-10.15.53:772][397]LogTemp: Warning: num of plants spawning: 0.000000
[2020.12.22-10.15.53:785][397]LogEditor: Attempting to add actor of class 'PlantInstance_C' to level at 2800.00,3600.00,83.37
[2020.12.22-10.15.53:818][397]LogEditor: Attempting to add actor of class 'PlantInstance_C' to level at -5200.00,-2800.00,-2.79
[2020.12.22-10.15.53:857][397]LogEditor: Attempting to add actor of class 'PlantInstance_C' to level at -6800.00,-5600.00,90.24
[2020.12.22-10.15.53:891][397]LogEditor: Attempting to add actor of class 'PlantInstance_C' to level at 4400.00,4800.00,68.50
[2020.12.22-10.15.53:931][397]LogEditor: Attempting to add actor of class 'PlantInstance_C' to level at 8800.00,3600.00,-21.16
[2020.12.22-10.15.53:977][397]LogEditor: Attempting to add actor of class 'PlantInstance_C' to level at -3600.00,-2400.00,10.87
[2020.12.22-10.15.54:029][397]LogEditor: Attempting to add actor of class 'PlantInstance_C' to level at 2800.00,-3200.00,117.17
[2020.12.22-10.15.54:080][397]LogEditor: Attempting to add actor of class 'PlantInstance_C' to level at 3282.03,3075.35,-5.49
[2020.12.22-10.15.54:120][397]LogEditor: Attempting to add actor of class 'PlantInstance_C' to level at 2654.48,4331.35,118.94
[2020.12.22-10.15.54:169][397]LogEditor: Attempting to add actor of class 'PlantInstance_C' to level at 3536.92,3615.41,-17.80
[2020.12.22-10.15.54:208][397]LogEditor: Attempting to add actor of class 'PlantInstance_C' to level at 2262.20,4067.53,156.35
[2020.12.22-10.15.54:251][397]LogEditor: Attempting to add actor of class 'PlantInstance_C' to level at 2061.10,3535.73,160.42
[2020.12.22-10.15.54:284][397]LogEditor: Attempting to add actor of class 'PlantInstance_C' to level at 2611.35,2873.93,73.71
[2020.12.22-10.15.54:311][397]LogEditor: Attempting to add actor of class 'PlantInstance_C' to level at 2107.25,3294.32,147.57
[2020.12.22-10.15.54:343][397]LogEditor: Attempting to add actor of class 'PlantInstance_C' to level at 3028.14,4317.28,108.08
[2020.12.22-10.15.54:384][397]LogEditor: Attempting to add actor of class 'PlantInstance_C' to level at -5921.70,-3009.63,28.71
[2020.12.22-10.15.54:422][397]LogEditor: Attempting to add actor of class 'PlantInstance_C' to level at -4652.35,-2266.32,-6.66
[2020.12.22-10.15.54:462][397]LogEditor: Attempting to add actor of class 'PlantInstance_C' to level at -5646.99,-3418.63,19.59
[2020.12.22-10.15.54:505][397]LogEditor: Attempting to add actor of class 'PlantInstance_C' to level at -4497.50,-2883.75,-27.37
[2020.12.22-10.15.54:543][397]LogEditor: Attempting to add actor of class 'PlantInstance_C' to level at -4551.31,-3188.64,-26.61
[2020.12.22-10.15.54:573][397]LogEditor: Attempting to add actor of class 'PlantInstance_C' to level at -5460.38,-3508.29,13.09
[2020.12.22-10.15.54:611][397]LogEditor: Attempting to add actor of class 'PlantInstance_C' to level at -4905.57,-3492.77,-2.38
[2020.12.22-10.15.54:644][397]LogEditor: Attempting to add actor of class 'PlantInstance_C' to level at -6119.76,-5839.95,89.71
[2020.12.22-10.15.54:679][397]LogEditor: Attempting to add actor of class 'PlantInstance_C' to level at -7428.31,-5256.39,133.85
[2020.12.22-10.15.54:717][397]LogEditor: Attempting to add actor of class 'PlantInstance_C' to level at -7502.58,-5421.14,133.71
[2020.12.22-10.15.54:767][397]LogEditor: Attempting to add actor of class 'PlantInstance_C' to level at -7254.40,-5050.81,120.33
[2020.12.22-10.15.54:801][397]LogEditor: Attempting to add actor of class 'PlantInstance_C' to level at -6973.70,-4873.35,84.92
[2020.12.22-10.15.54:841][397]LogEditor: Attempting to add actor of class 'PlantInstance_C' to level at -7128.88,-4921.37,106.74
[2020.12.22-10.15.54:883][397]LogEditor: Attempting to add actor of class 'PlantInstance_C' to level at 3675.14,4892.25,106.24
[2020.12.22-10.15.54:915][397]LogEditor: Attempting to add actor of class 'PlantInstance_C' to level at 3662.35,4795.33,97.51
[2020.12.22-10.15.54:948][397]LogEditor: Attempting to add actor of class 'PlantInstance_C' to level at -4251.53,-2749.07,-27.74
[2020.12.22-10.15.54:988][397]LogEditor: Attempting to add actor of class 'PlantInstance_C' to level at -2889.17,-2512.03,101.66
[2020.12.22-10.15.55:025][397]LogEditor: Attempting to add actor of class 'PlantInstance_C' to level at -3316.99,-3138.52,110.91
[2020.12.22-10.15.55:060][397]LogEditor: Attempting to add actor of class 'PlantInstance_C' to level at -4318.16,-2624.63,-33.18
[2020.12.22-10.15.55:090][397]LogEditor: Attempting to add actor of class 'PlantInstance_C' to level at -3603.11,-1663.08,-22.72
[2020.12.22-10.15.55:126][397]LogEditor: Attempting to add actor of class 'PlantInstance_C' to level at -3491.50,-3109.84,89.25
[2020.12.22-10.15.55:160][397]LogEditor: Attempting to add actor of class 'PlantInstance_C' to level at -4338.21,-2061.82,-33.57
[2020.12.22-10.15.55:195][397]LogEditor: Attempting to add actor of class 'PlantInstance_C' to level at -3090.17,-2897.56,115.80
[2020.12.22-10.15.55:225][397]LogEditor: Attempting to add actor of class 'PlantInstance_C' to level at 2096.06,-3474.17,106.99
[2020.12.22-10.15.55:263][397]LogEditor: Attempting to add actor of class 'PlantInstance_C' to level at 2449.71,-3853.59,159.78
[2020.12.22-10.15.55:298][397]LogEditor: Attempting to add actor of class 'PlantInstance_C' to level at 2096.81,-2700.72,60.56
[2020.12.22-10.15.55:343][397]LogEditor: Attempting to add actor of class 'PlantInstance_C' to level at 2309.63,-3786.17,142.93
[2020.12.22-10.15.55:377][397]LogEditor: Attempting to add actor of class 'PlantInstance_C' to level at 2465.87,-2461.59,68.17
[2020.12.22-10.16.03:928][543]LogEditorViewport: Clicking on Actor (LMB): PlantInstance_C (PlantInstance17)
[2020.12.22-10.16.07:998][548]LogEditorViewport: Clicking on Actor (LMB): Plain_C (Plain)
[2020.12.22-10.16.10:730][549]Cmd: CAMERA ALIGN ACTIVEVIEWPORTONLY
[2020.12.22-10.16.12:680][603]LogEditorViewport: Clicking on Actor (LMB): PlantInstance_C (PlantInstance35)
[2020.12.22-10.16.15:751][642]Cmd: CAMERA ALIGN ACTIVEVIEWPORTONLY
[2020.12.22-10.16.50:468][925]Cmd: DELETE
[2020.12.22-10.16.50:468][925]Cmd: ACTOR DELETE
[2020.12.22-10.16.50:484][925]LogEditorActor: Deleted Actor: PlantInstance_C
[2020.12.22-10.16.50:494][925]LogEditorActor: Deleted Actor: PlantInstance_C
[2020.12.22-10.16.50:507][925]LogEditorActor: Deleted Actor: PlantInstance_C
[2020.12.22-10.16.50:519][925]LogEditorActor: Deleted Actor: PlantInstance_C
[2020.12.22-10.16.50:529][925]LogEditorActor: Deleted Actor: PlantInstance_C
[2020.12.22-10.16.50:538][925]LogEditorActor: Deleted Actor: PlantInstance_C
[2020.12.22-10.16.50:550][925]LogEditorActor: Deleted Actor: PlantInstance_C
[2020.12.22-10.16.50:562][925]LogEditorActor: Deleted Actor: PlantInstance_C
[2020.12.22-10.16.50:570][925]LogEditorActor: Deleted Actor: PlantInstance_C
[2020.12.22-10.16.50:577][925]LogEditorActor: Deleted Actor: PlantInstance_C
[2020.12.22-10.16.50:585][925]LogEditorActor: Deleted Actor: PlantInstance_C
[2020.12.22-10.16.50:592][925]LogEditorActor: Deleted Actor: PlantInstance_C
[2020.12.22-10.16.50:604][925]LogEditorActor: Deleted Actor: PlantInstance_C
[2020.12.22-10.16.50:611][925]LogEditorActor: Deleted Actor: PlantInstance_C
[2020.12.22-10.16.50:624][925]LogEditorActor: Deleted Actor: PlantInstance_C
[2020.12.22-10.16.50:632][925]LogEditorActor: Deleted Actor: PlantInstance_C
[2020.12.22-10.16.50:641][925]LogEditorActor: Deleted Actor: PlantInstance_C
[2020.12.22-10.16.50:651][925]LogEditorActor: Deleted Actor: PlantInstance_C
[2020.12.22-10.16.50:660][925]LogEditorActor: Deleted Actor: PlantInstance_C
[2020.12.22-10.16.50:668][925]LogEditorActor: Deleted Actor: PlantInstance_C
[2020.12.22-10.16.50:677][925]LogEditorActor: Deleted Actor: PlantInstance_C
[2020.12.22-10.16.50:685][925]LogEditorActor: Deleted Actor: PlantInstance_C
[2020.12.22-10.16.50:693][925]LogEditorActor: Deleted Actor: PlantInstance_C
[2020.12.22-10.16.50:700][925]LogEditorActor: Deleted Actor: PlantInstance_C
[2020.12.22-10.16.50:707][925]LogEditorActor: Deleted Actor: PlantInstance_C
[2020.12.22-10.16.50:715][925]LogEditorActor: Deleted Actor: PlantInstance_C
[2020.12.22-10.16.50:724][925]LogEditorActor: Deleted Actor: PlantInstance_C
[2020.12.22-10.16.50:732][925]LogEditorActor: Deleted Actor: PlantInstance_C
[2020.12.22-10.16.50:742][925]LogEditorActor: Deleted Actor: PlantInstance_C
[2020.12.22-10.16.50:752][925]LogEditorActor: Deleted Actor: PlantInstance_C
[2020.12.22-10.16.50:759][925]LogEditorActor: Deleted Actor: PlantInstance_C
[2020.12.22-10.16.50:769][925]LogEditorActor: Deleted Actor: PlantInstance_C
[2020.12.22-10.16.50:777][925]LogEditorActor: Deleted Actor: PlantInstance_C
[2020.12.22-10.16.50:786][925]LogEditorActor: Deleted Actor: PlantInstance_C
[2020.12.22-10.16.50:793][925]LogEditorActor: Deleted Actor: PlantInstance_C
[2020.12.22-10.16.50:800][925]LogEditorActor: Deleted Actor: PlantInstance_C
[2020.12.22-10.16.50:808][925]LogEditorActor: Deleted Actor: PlantInstance_C
[2020.12.22-10.16.50:815][925]LogEditorActor: Deleted Actor: PlantInstance_C
[2020.12.22-10.16.50:822][925]LogEditorActor: Deleted Actor: PlantInstance_C
[2020.12.22-10.16.50:828][925]LogEditorActor: Deleted Actor: PlantInstance_C
[2020.12.22-10.16.50:837][925]LogEditorActor: Deleted Actor: PlantInstance_C
[2020.12.22-10.16.50:843][925]LogEditorActor: Deleted Actor: PlantInstance_C
[2020.12.22-10.16.50:851][925]LogEditorActor: Deleted Actor: PlantInstance_C
[2020.12.22-10.16.50:894][925]LogUObjectHash: Compacting FUObjectHashTables data took   3.87ms
[2020.12.22-10.16.50:898][925]LogEditorActor: Deleted 43 Actors (0.429 secs)
[2020.12.22-10.16.54:011][ 92]LogUObjectHash: Compacting FUObjectHashTables data took   0.49ms
[2020.12.22-10.16.54:108][ 92]LogSavePackage: Moving '../../../../../../Users/yeffi/Documents/Unreal Projects/SeniorDesign/Saved/Minimal_DefaultB8A9800447DB1287C5ED019A351B2FE0.tmp' to '../../../../../../Users/yeffi/Documents/Unreal Projects/SeniorDesign/Content/StarterContent/Maps/Minimal_Default.umap'
[2020.12.22-10.16.54:214][ 92]LogSavePackage: Moving '../../../../../../Users/yeffi/Documents/Unreal Projects/SeniorDesign/Saved/Minimal_Default_BuiltDataAF955CD84836E54C33689B92630FF18B.tmp' to '../../../../../../Users/yeffi/Documents/Unreal Projects/SeniorDesign/Content/StarterContent/Maps/Minimal_Default_BuiltData.uasset'
[2020.12.22-10.16.54:234][ 92]AssetCheck: New page: Asset Save: multiple assets
[2020.12.22-10.16.54:235][ 92]LogContentValidation: Display: Validating World /Game/StarterContent/Maps/Minimal_Default.Minimal_Default
[2020.12.22-10.16.54:235][ 92]LogContentValidation: Display: Validating MapBuildDataRegistry /Game/StarterContent/Maps/Minimal_Default_BuiltData.Minimal_Default_BuiltData
